<?xml version="1.0" encoding="UTF-8"?>
<!-- Generated by org.testng.reporters.JUnitXMLReporter -->
<testsuite ignored="0" hostname="Idasundari" failures="0" tests="4" name="Default test" time="4.623" errors="0" timestamp="07 Dec 2022 22:30:18 GMT">
  <testcase classname="task.qatesting.october.ida.apitestsignup" name="SignupAPI" time="4.106"/>
  <testcase classname="task.qatesting.october.ida.apitestsignup" name="email" time="0.274"/>
  <testcase classname="task.qatesting.october.ida.apitestsignup" name="name" time="0.056"/>
  <testcase classname="task.qatesting.october.ida.apitestsignup" name="phonenumber" time="0.008"/>
</testsuite> <!-- Default test -->
