<?xml version="1.0" encoding="UTF-8"?>
<testng-results ignored="0" total="4" passed="4" failed="0" skipped="0">
  <reporter-output>
  </reporter-output>
  <suite started-at="2022-12-07T22:30:13Z" name="Default suite" finished-at="2022-12-07T22:30:18Z" duration-ms="4623">
    <groups>
    </groups>
    <test started-at="2022-12-07T22:30:13Z" name="Default test" finished-at="2022-12-07T22:30:18Z" duration-ms="4623">
      <class name="task.qatesting.october.ida.apitestsignup">
        <test-method signature="SignupAPI()[pri:0, instance:task.qatesting.october.ida.apitestsignup@4ee37ca3]" started-at="2022-12-07T22:30:13Z" name="SignupAPI" finished-at="2022-12-07T22:30:17Z" duration-ms="4106" status="PASS">
          <reporter-output>
          </reporter-output>
        </test-method> <!-- SignupAPI -->
        <test-method signature="email()[pri:0, instance:task.qatesting.october.ida.apitestsignup@4ee37ca3]" started-at="2022-12-07T22:30:18Z" name="email" finished-at="2022-12-07T22:30:18Z" duration-ms="274" status="PASS">
          <reporter-output>
          </reporter-output>
        </test-method> <!-- email -->
        <test-method signature="name()[pri:0, instance:task.qatesting.october.ida.apitestsignup@4ee37ca3]" started-at="2022-12-07T22:30:18Z" name="name" finished-at="2022-12-07T22:30:18Z" duration-ms="56" status="PASS">
          <reporter-output>
          </reporter-output>
        </test-method> <!-- name -->
        <test-method signature="phonenumber()[pri:0, instance:task.qatesting.october.ida.apitestsignup@4ee37ca3]" started-at="2022-12-07T22:30:18Z" name="phonenumber" finished-at="2022-12-07T22:30:18Z" duration-ms="8" status="PASS">
          <reporter-output>
          </reporter-output>
        </test-method> <!-- phonenumber -->
      </class> <!-- task.qatesting.october.ida.apitestsignup -->
    </test> <!-- Default test -->
  </suite> <!-- Default suite -->
</testng-results>
